<?xml version="1.0" encoding="UTF-8" ?>
<testsuite errors="0" failures="0" hostname="Ryan-PC" name="test.Server.ServerTest" tests="1" time="0.034" timestamp="2014-11-30T13:32:08">
  <properties>
    <property name="java.vendor" value="Oracle Corporation" />
    <property name="sun.java.launcher" value="SUN_STANDARD" />
    <property name="sun.management.compiler" value="HotSpot 64-Bit Tiered Compilers" />
    <property name="env.PROMPT" value="$P$G" />
    <property name="os.name" value="Windows 7" />
    <property name="env.FP_NO_HOST_CHECK" value="NO" />
    <property name="sun.boot.class.path" value="K:\JDK\jre\lib\resources.jar;K:\JDK\jre\lib\rt.jar;K:\JDK\jre\lib\sunrsasign.jar;K:\JDK\jre\lib\jsse.jar;K:\JDK\jre\lib\jce.jar;K:\JDK\jre\lib\charsets.jar;K:\JDK\jre\lib\jfr.jar;K:\JDK\jre\classes" />
    <property name="env.COMPUTERNAME" value="RYAN-PC" />
    <property name="env.CommonProgramW6432" value="C:\Program Files\Common Files" />
    <property name="env.ALLUSERSPROFILE" value="C:\ProgramData" />
    <property name="sun.desktop" value="windows" />
    <property name="java.vm.specification.vendor" value="Oracle Corporation" />
    <property name="ant.home" value="C:\Program Files (x86)\WinAnt" />
    <property name="java.runtime.version" value="1.8.0_25-b18" />
    <property name="env.HOMEPATH" value="\Users\Ryan" />
    <property name="user.name" value="Ryan" />
    <property name="user.language" value="en" />
    <property name="env.windows_tracing_flags" value="3" />
    <property name="sun.boot.library.path" value="K:\JDK\jre\bin" />
    <property name="ant.project.default-target" value="build" />
    <property name="ant.project.name" value="Java chat server and client" />
    <property name="env.git_install_root" value="C:\Users\Ryan\AppData\Local\GitHub\PortableGit_ed44d00daa128db527396557813e7b68709ed0e2" />
    <property name="java.version" value="1.8.0_25" />
    <property name="env.PROCESSOR_IDENTIFIER" value="Intel64 Family 6 Model 60 Stepping 3, GenuineIntel" />
    <property name="user.timezone" value="Europe/London" />
    <property name="env.TEMP" value="C:\Users\Ryan\AppData\Local\Temp\" />
    <property name="sun.arch.data.model" value="64" />
    <property name="env.SSH_AGENT_PID" value="4496" />
    <property name="java.endorsed.dirs" value="K:\JDK\jre\lib\endorsed" />
    <property name="env._JAVACMD" value="K:\JDK\bin\java.exe" />
    <property name="sun.cpu.isalist" value="amd64" />
    <property name="env.HOMEDRIVE" value="C:" />
    <property name="sun.jnu.encoding" value="Cp1252" />
    <property name="file.encoding.pkg" value="sun.io" />
    <property name="file.separator" value="\" />
    <property name="java.specification.name" value="Java Platform API Specification" />
    <property name="java.class.version" value="52.0" />
    <property name="env.github_shell" value="true" />
    <property name="user.country" value="GB" />
    <property name="java.home" value="K:\JDK\jre" />
    <property name="env.PSModulePath" value="C:\Users\Ryan\Documents\WindowsPowerShell\Modules;C:\Windows\system32\WindowsPowerShell\v1.0\Modules\" />
    <property name="env.APPDATA" value="C:\Users\Ryan\AppData\Roaming" />
    <property name="env.PUBLIC" value="C:\Users\Public" />
    <property name="env.windows_tracing_logfile" value="C:\BVTBin\Tests\installpackage\csilogfile.log" />
    <property name="java.vm.info" value="mixed mode" />
    <property name="env.ComSpec" value="C:\Windows\system32\cmd.exe" />
    <property name="env.OS" value="Windows_NT" />
    <property name="env.CommonProgramFiles" value="C:\Program Files\Common Files" />
    <property name="env.github_posh_git" value="C:\Users\Ryan\AppData\Local\GitHub\PoshGit_3874a02de8ce2b7d4908a8c0cb302294358b972c" />
    <property name="ant.file" value="C:\Users\Ryan\Documents\GitHub\G53SQM\build.xml" />
    <property name="os.version" value="6.1" />
    <property name="env.ProgramW6432" value="C:\Program Files" />
    <property name="env._USE_CLASSPATH" value="no" />
    <property name="env.=::" value="::\" />
    <property name="path.separator" value=";" />
    <property name="java.vm.version" value="25.25-b02" />
    <property name="env.USERPROFILE" value="C:\Users\Ryan" />
    <property name="user.variant" value="" />
    <property name="ant.library.dir" value="C:\Program Files (x86)\WinAnt\lib" />
    <property name="junit.output.dir" value="junit" />
    <property name="env.JAVA_HOME" value="K:\JDK" />
    <property name="java.awt.printerjob" value="sun.awt.windows.WPrinterJob" />
    <property name="env.TERM" value="cygwin" />
    <property name="env.TMP" value="C:\Users\Ryan\AppData\Local\Temp\" />
    <property name="sun.io.unicode.encoding" value="UnicodeLittle" />
    <property name="awt.toolkit" value="sun.awt.windows.WToolkit" />
    <property name="sun.stdout.encoding" value="cp850" />
    <property name="env.PSExecutionPolicyPreference" value="Unrestricted" />
    <property name="user.script" value="" />
    <property name="ant.file.type.Java chat server and client" value="file" />
    <property name="user.home" value="C:\Users\Ryan" />
    <property name="target" value="1.8" />
    <property name="env.ProgramData" value="C:\ProgramData" />
    <property name="env.ProgramFiles(x86)" value="C:\Program Files (x86)" />
    <property name="env.SESSIONNAME" value="Console" />
    <property name="java.specification.vendor" value="Oracle Corporation" />
    <property name="env.NUMBER_OF_PROCESSORS" value="2" />
    <property name="java.library.path" value="K:\JDK\jre\bin;C:\Windows\Sun\Java\bin;C:\Windows\system32;C:\Windows;C:\Users\Ryan\AppData\Local\GitHub\PortableGit_ed44d00daa128db527396557813e7b68709ed0e2\cmd;C:\Users\Ryan\AppData\Local\GitHub\PortableGit_ed44d00daa128db527396557813e7b68709ed0e2\bin;C:\Users\Ryan\AppData\Local\Apps\2.0\XRLTXYHL.LAB\G1OQX21Q.M90\gith..tion_317444273a93ac29_0002.0006_322e607d54d660d4;C:\Users\Ryan\AppData\Local\GitHub\git-media-amd64_0.2.2;C:\Windows\Microsoft.NET\Framework\v4.0.30319;C:\ProgramData\Oracle\Java\javapath;C:\Program Files (x86)\Intel\iCLS Client\;C:\Program Files\Intel\iCLS Client\;C:\Program Files\Haskell\bin;C:\Program Files\Haskell Platform\2014.2.0.0\lib\extralibs\bin;C:\Program Files\Haskell Platform\2014.2.0.0\bin;C:\Windows\system32;C:\Windows;C:\Windows\System32\Wbem;C:\Windows\System32\WindowsPowerShell\v1.0\;C:\Program Files (x86)\ATI Technologies\ATI.ACE\Core-Static;C:\Program Files (x86)\Git\cmd;C:\Program Files\Haskell Platform\2014.2.0.0\mingw\bin;C:\Program Files\Intel\Intel(R) Management Engine Components\DAL;C:\Program Files (x86)\Intel\Intel(R) Management Engine Components\DAL;C:\Program Files\Intel\Intel(R) Management Engine Components\IPT;C:\Program Files (x86)\Intel\Intel(R) Management Engine Components\IPT;C:\Users\Ryan\AppData\Roaming\cabal\bin;C:\Program Files (x86)\GnuWin32\bin;C:\Program Files (x86)\WinAnt\bin;." />
    <property name="java.vendor.url" value="http://java.oracle.com/" />
    <property name="java.vm.vendor" value="Oracle Corporation" />
    <property name="java.runtime.name" value="Java(TM) SE Runtime Environment" />
    <property name="ant.version" value="Apache Ant(TM) version 1.8.2 compiled on December 20 2010" />
    <property name="java.class.path" value="C:\Users\Ryan\Documents\GitHub\G53SQM\bin;K:\eclipse\plugins\org.junit_4.11.0.v201303080030\junit.jar;K:\eclipse\plugins\org.hamcrest.core_1.3.0.v201303031735.jar;C:\Program Files (x86)\WinAnt\lib\ant-launcher.jar;C:\Program Files (x86)\WinAnt\lib\ant.jar;C:\Program Files (x86)\WinAnt\lib\ant-junit.jar;C:\Program Files (x86)\WinAnt\lib\ant-junit4.jar" />
    <property name="sun.java.command" value="org.apache.tools.ant.taskdefs.optional.junit.JUnitTestRunner test.Server.ServerTest filtertrace=true haltOnError=false haltOnFailure=false formatter=org.apache.tools.ant.taskdefs.optional.junit.OutErrSummaryJUnitResultFormatter showoutput=false outputtoformatters=true logfailedtests=true logtestlistenerevents=false formatter=org.apache.tools.ant.taskdefs.optional.junit.XMLJUnitResultFormatter,C:\Users\Ryan\Documents\GitHub\G53SQM\junit\TEST-test.Server.ServerTest.xml crashfile=C:\Users\Ryan\Documents\GitHub\G53SQM\junitvmwatcher7719859298837546631.properties propsfile=C:\Users\Ryan\Documents\GitHub\G53SQM\junit2199990208170136233.properties" />
    <property name="env.github_git" value="C:\Users\Ryan\AppData\Local\GitHub\PortableGit_ed44d00daa128db527396557813e7b68709ed0e2" />
    <property name="java.vm.specification.name" value="Java Virtual Machine Specification" />
    <property name="ant.file.type" value="file" />
    <property name="ant.file.Java chat server and client" value="C:\Users\Ryan\Documents\GitHub\G53SQM\build.xml" />
    <property name="env.LOGONSERVER" value="\\RYAN-PC" />
    <property name="env.windir" value="C:\Windows" />
    <property name="java.vm.specification.version" value="1.8" />
    <property name="env.PROCESSOR_ARCHITECTURE" value="AMD64" />
    <property name="sun.cpu.endian" value="little" />
    <property name="sun.os.patch.level" value="Service Pack 1" />
    <property name="env.HOME" value="C:\Users\Ryan" />
    <property name="debuglevel" value="source,lines,vars" />
    <property name="env.ProgramFiles" value="C:\Program Files" />
    <property name="env.ANT_HOME" value="C:\Program Files (x86)\WinAnt" />
    <property name="env.PROCESSOR_REVISION" value="3c03" />
    <property name="java.io.tmpdir" value="C:\Users\Ryan\AppData\Local\Temp\" />
    <property name="env.CommonProgramFiles(x86)" value="C:\Program Files (x86)\Common Files" />
    <property name="java.vendor.url.bug" value="http://bugreport.sun.com/bugreport/" />
    <property name="env.SSH_AUTH_SOCK" value="/tmp/ssh-7tz5EGMU8nKz/agent.4396" />
    <property name="env.SystemRoot" value="C:\Windows" />
    <property name="java.awt.graphicsenv" value="sun.awt.Win32GraphicsEnvironment" />
    <property name="os.arch" value="amd64" />
    <property name="env.ANT_CMD_LINE_ARGS" value=" ServerTest" />
    <property name="env.PLINK_PROTOCOL" value="ssh" />
    <property name="java.ext.dirs" value="K:\JDK\jre\lib\ext;C:\Windows\Sun\Java\lib\ext" />
    <property name="user.dir" value="C:\Users\Ryan\Documents\GitHub\G53SQM" />
    <property name="env.LOCALAPPDATA" value="C:\Users\Ryan\AppData\Local" />
    <property name="line.separator" value="&#xd;&#xa;" />
    <property name="java.vm.name" value="Java HotSpot(TM) 64-Bit Server VM" />
    <property name="env.PATHEXT" value=".COM;.EXE;.BAT;.CMD;.VBS;.VBE;.JS;.JSE;.WSF;.WSH;.MSC" />
    <property name="env.Path" value="C:\Users\Ryan\AppData\Local\GitHub\PortableGit_ed44d00daa128db527396557813e7b68709ed0e2\cmd;C:\Users\Ryan\AppData\Local\GitHub\PortableGit_ed44d00daa128db527396557813e7b68709ed0e2\bin;C:\Users\Ryan\AppData\Local\Apps\2.0\XRLTXYHL.LAB\G1OQX21Q.M90\gith..tion_317444273a93ac29_0002.0006_322e607d54d660d4;C:\Users\Ryan\AppData\Local\GitHub\git-media-amd64_0.2.2;C:\Windows\Microsoft.NET\Framework\v4.0.30319;C:\ProgramData\Oracle\Java\javapath;C:\Program Files (x86)\Intel\iCLS Client\;C:\Program Files\Intel\iCLS Client\;C:\Program Files\Haskell\bin;C:\Program Files\Haskell Platform\2014.2.0.0\lib\extralibs\bin;C:\Program Files\Haskell Platform\2014.2.0.0\bin;C:\Windows\system32;C:\Windows;C:\Windows\System32\Wbem;C:\Windows\System32\WindowsPowerShell\v1.0\;C:\Program Files (x86)\ATI Technologies\ATI.ACE\Core-Static;C:\Program Files (x86)\Git\cmd;C:\Program Files\Haskell Platform\2014.2.0.0\mingw\bin;C:\Program Files\Intel\Intel(R) Management Engine Components\DAL;C:\Program Files (x86)\Intel\Intel(R) Management Engine Components\DAL;C:\Program Files\Intel\Intel(R) Management Engine Components\IPT;C:\Program Files (x86)\Intel\Intel(R) Management Engine Components\IPT;C:\Users\Ryan\AppData\Roaming\cabal\bin;C:\Program Files (x86)\GnuWin32\bin;C:\Program Files (x86)\WinAnt\bin" />
    <property name="env.EDITOR" value="GitPad" />
    <property name="basedir" value="C:\Users\Ryan\Documents\GitHub\G53SQM" />
    <property name="ant.java.version" value="1.7" />
    <property name="ant.core.lib" value="C:\Program Files (x86)\WinAnt\lib\ant.jar" />
    <property name="env.USERNAME" value="Ryan" />
    <property name="env.SystemDrive" value="C:" />
    <property name="source" value="1.8" />
    <property name="file.encoding" value="Cp1252" />
    <property name="sun.stderr.encoding" value="cp850" />
    <property name="env.USERDOMAIN" value="Ryan-PC" />
    <property name="java.specification.version" value="1.8" />
    <property name="env.=C:" value="C:\Users\Ryan\Documents\GitHub\G53SQM" />
    <property name="ant.project.invoked-targets" value="ServerTest" />
    <property name="env.posh_git" value="C:\Users\Ryan\AppData\Local\GitHub\PoshGit_3874a02de8ce2b7d4908a8c0cb302294358b972c\profile.example.ps1" />
    <property name="env.PROCESSOR_LEVEL" value="6" />
  </properties>
  <testcase classname="test.Server.ServerTest" name="testConnection" time="0.005" />
  <system-out><![CDATA[]]></system-out>
  <system-err><![CDATA[]]></system-err>
</testsuite>
